Release 14.7 - xst P.20131013 (lin64)
Copyright (c) 1995-2013 Xilinx, Inc.  All rights reserved.
--> 
Parameter TMPDIR set to xst/projnav.tmp


Total REAL time to Xst completion: 0.00 secs
Total CPU time to Xst completion: 0.05 secs
 
--> 
Parameter xsthdpdir set to xst


Total REAL time to Xst completion: 0.00 secs
Total CPU time to Xst completion: 0.05 secs
 
--> 
Reading design: tx.prj

TABLE OF CONTENTS
  1) Synthesis Options Summary
  2) HDL Parsing
  3) HDL Elaboration
  4) HDL Synthesis
       4.1) HDL Synthesis Report
  5) Advanced HDL Synthesis
       5.1) Advanced HDL Synthesis Report
  6) Low Level Synthesis
  7) Partition Report
  8) Design Summary
       8.1) Primitive and Black Box Usage
       8.2) Device utilization summary
       8.3) Partition Resource Summary
       8.4) Timing Report
            8.4.1) Clock Information
            8.4.2) Asynchronous Control Signals Information
            8.4.3) Timing Summary
            8.4.4) Timing Details
            8.4.5) Cross Clock Domains Report


=========================================================================
*                      Synthesis Options Summary                        *
=========================================================================
---- Source Parameters
Input File Name                    : "tx.prj"
Ignore Synthesis Constraint File   : NO

---- Target Parameters
Output File Name                   : "tx"
Output Format                      : NGC
Target Device                      : xc6slx9-2-csg324

---- Source Options
Top Module Name                    : tx
Automatic FSM Extraction           : YES
FSM Encoding Algorithm             : Auto
Safe Implementation                : No
FSM Style                          : LUT
RAM Extraction                     : Yes
RAM Style                          : Auto
ROM Extraction                     : Yes
Shift Register Extraction          : YES
ROM Style                          : Auto
Resource Sharing                   : YES
Asynchronous To Synchronous        : NO
Shift Register Minimum Size        : 2
Use DSP Block                      : Auto
Automatic Register Balancing       : No

---- Target Options
LUT Combining                      : Auto
Reduce Control Sets                : Auto
Add IO Buffers                     : YES
Global Maximum Fanout              : 100000
Add Generic Clock Buffer(BUFG)     : 16
Register Duplication               : YES
Optimize Instantiated Primitives   : NO
Use Clock Enable                   : Auto
Use Synchronous Set                : Auto
Use Synchronous Reset              : Auto
Pack IO Registers into IOBs        : Auto
Equivalent register Removal        : YES

---- General Options
Optimization Goal                  : Speed
Optimization Effort                : 1
Power Reduction                    : NO
Keep Hierarchy                     : No
Netlist Hierarchy                  : As_Optimized
RTL Output                         : Yes
Global Optimization                : AllClockNets
Read Cores                         : YES
Write Timing Constraints           : NO
Cross Clock Analysis               : NO
Hierarchy Separator                : /
Bus Delimiter                      : <>
Case Specifier                     : Maintain
Slice Utilization Ratio            : 100
BRAM Utilization Ratio             : 100
DSP48 Utilization Ratio            : 100
Auto BRAM Packing                  : NO
Slice Utilization Ratio Delta      : 5

=========================================================================


=========================================================================
*                          HDL Parsing                                  *
=========================================================================
Analyzing Verilog file "/home/brjathu/FPGA/uart-ayya/tx.v" into library work
Parsing module <tx>.

=========================================================================
*                            HDL Elaboration                            *
=========================================================================

Elaborating module <tx>.
WARNING:HDLCompiler:413 - "/home/brjathu/FPGA/uart-ayya/tx.v" Line 43: Result of 7-bit expression is truncated to fit in 6-bit target.

=========================================================================
*                           HDL Synthesis                               *
=========================================================================

Synthesizing Unit <tx>.
    Related source file is "/home/brjathu/FPGA/uart-ayya/tx.v".
    Found 1-bit register for signal <tx>.
    Found 1-bit register for signal <busy>.
    Found 6-bit register for signal <counter>.
    Found 6-bit adder for signal <counter[5]_GND_1_o_add_1_OUT> created at line 43.
    Found 3-bit subtractor for signal <GND_1_o_GND_1_o_sub_6_OUT<2:0>> created at line 49.
    Found 1-bit 8-to-1 multiplexer for signal <GND_1_o_data_i[7]_Mux_6_o> created at line 49.
    Found 6-bit comparator lessequal for signal <n0003> created at line 48
    Found 6-bit comparator greater for signal <counter[5]_GND_1_o_LessThan_5_o> created at line 48
    Summary:
	inferred   2 Adder/Subtractor(s).
	inferred   8 D-type flip-flop(s).
	inferred   2 Comparator(s).
	inferred   2 Multiplexer(s).
Unit <tx> synthesized.

=========================================================================
HDL Synthesis Report

Macro Statistics
# Adders/Subtractors                                   : 2
 3-bit subtractor                                      : 1
 6-bit adder                                           : 1
# Registers                                            : 3
 1-bit register                                        : 2
 6-bit register                                        : 1
# Comparators                                          : 2
 6-bit comparator greater                              : 1
 6-bit comparator lessequal                            : 1
# Multiplexers                                         : 2
 1-bit 2-to-1 multiplexer                              : 1
 1-bit 8-to-1 multiplexer                              : 1

=========================================================================

=========================================================================
*                       Advanced HDL Synthesis                          *
=========================================================================


Synthesizing (advanced) Unit <tx>.
The following registers are absorbed into counter <counter>: 1 register on signal <counter>.
Unit <tx> synthesized (advanced).

=========================================================================
Advanced HDL Synthesis Report

Macro Statistics
# Adders/Subtractors                                   : 1
 3-bit subtractor                                      : 1
# Counters                                             : 1
 6-bit up counter                                      : 1
# Registers                                            : 2
 Flip-Flops                                            : 2
# Comparators                                          : 2
 6-bit comparator greater                              : 1
 6-bit comparator lessequal                            : 1
# Multiplexers                                         : 2
 1-bit 2-to-1 multiplexer                              : 1
 1-bit 8-to-1 multiplexer                              : 1

=========================================================================

=========================================================================
*                         Low Level Synthesis                           *
=========================================================================

Optimizing unit <tx> ...

Mapping all equations...
Building and optimizing final netlist ...
Found area constraint ratio of 100 (+ 5) on block tx, actual ratio is 0.

Final Macro Processing ...

=========================================================================
Final Register Report

Macro Statistics
# Registers                                            : 8
 Flip-Flops                                            : 8

=========================================================================

=========================================================================
*                           Partition Report                            *
=========================================================================

Partition Implementation Status
-------------------------------

  No Partitions were found in this design.

-------------------------------

=========================================================================
*                            Design Summary                             *
=========================================================================

Top Level Output File Name         : tx.ngc

Primitive and Black Box Usage:
------------------------------
# BELS                             : 15
#      INV                         : 2
#      LUT2                        : 2
#      LUT3                        : 1
#      LUT4                        : 1
#      LUT5                        : 3
#      LUT6                        : 6
# FlipFlops/Latches                : 8
#      FD                          : 2
#      FDR                         : 6
# Clock Buffers                    : 1
#      BUFGP                       : 1
# IO Buffers                       : 11
#      IBUF                        : 9
#      OBUF                        : 2

Device utilization summary:
---------------------------

Selected Device : 6slx9csg324-2 


Slice Logic Utilization: 
 Number of Slice Registers:               8  out of  11440     0%  
 Number of Slice LUTs:                   15  out of   5720     0%  
    Number used as Logic:                15  out of   5720     0%  

Slice Logic Distribution: 
 Number of LUT Flip Flop pairs used:     15
   Number with an unused Flip Flop:       7  out of     15    46%  
   Number with an unused LUT:             0  out of     15     0%  
   Number of fully used LUT-FF pairs:     8  out of     15    53%  
   Number of unique control sets:         2

IO Utilization: 
 Number of IOs:                          12
 Number of bonded IOBs:                  12  out of    200     6%  

Specific Feature Utilization:
 Number of BUFG/BUFGCTRLs:                1  out of     16     6%  

---------------------------
Partition Resource Summary:
---------------------------

  No Partitions were found in this design.

---------------------------


=========================================================================
Timing Report

NOTE: THESE TIMING NUMBERS ARE ONLY A SYNTHESIS ESTIMATE.
      FOR ACCURATE TIMING INFORMATION PLEASE REFER TO THE TRACE REPORT
      GENERATED AFTER PLACE-and-ROUTE.

Clock Information:
------------------
-----------------------------------+------------------------+-------+
Clock Signal                       | Clock buffer(FF name)  | Load  |
-----------------------------------+------------------------+-------+
clk_s                              | BUFGP                  | 8     |
-----------------------------------+------------------------+-------+

Asynchronous Control Signals Information:
----------------------------------------
No asynchronous control signals found in this design

Timing Summary:
---------------
Speed Grade: -2

   Minimum period: 3.267ns (Maximum Frequency: 306.091MHz)
   Minimum input arrival time before clock: 4.005ns
   Maximum output required time after clock: 4.202ns
   Maximum combinational path delay: No path found

Timing Details:
---------------
All values displayed in nanoseconds (ns)

=========================================================================
Timing constraint: Default period analysis for Clock 'clk_s'
  Clock period: 3.267ns (frequency: 306.091MHz)
  Total number of paths / destination ports: 46 / 8
-------------------------------------------------------------------------
Delay:               3.267ns (Levels of Logic = 2)
  Source:            counter_2 (FF)
  Destination:       tx (FF)
  Source Clock:      clk_s rising
  Destination Clock: clk_s rising

  Data Path: counter_2 to tx
                                Gate     Net
    Cell:in->out      fanout   Delay   Delay  Logical Name (Net Name)
    ----------------------------------------  ------------
     FDR:C->Q              8   0.525   1.052  counter_2 (counter_2)
     LUT2:I0->O            1   0.250   1.112  Msub_GND_1_o_GND_1_o_sub_6_OUT<2:0>_xor<2>11 (GND_1_o_GND_1_o_sub_6_OUT<2>)
     LUT6:I1->O            1   0.254   0.000  tx_rstpot (tx_rstpot)
     FD:D                      0.074          tx
    ----------------------------------------
    Total                      3.267ns (1.103ns logic, 2.164ns route)
                                       (33.8% logic, 66.2% route)

=========================================================================
Timing constraint: Default OFFSET IN BEFORE for Clock 'clk_s'
  Total number of paths / destination ports: 17 / 8
-------------------------------------------------------------------------
Offset:              4.005ns (Levels of Logic = 3)
  Source:            data_i<1> (PAD)
  Destination:       tx (FF)
  Destination Clock: clk_s rising

  Data Path: data_i<1> to tx
                                Gate     Net
    Cell:in->out      fanout   Delay   Delay  Logical Name (Net Name)
    ----------------------------------------  ------------
     IBUF:I->O             1   1.328   1.137  data_i_1_IBUF (data_i_1_IBUF)
     LUT6:I0->O            1   0.254   0.958  Mmux_GND_1_o_data_i[7]_Mux_6_o_4 (Mmux_GND_1_o_data_i[7]_Mux_6_o_4)
     LUT6:I2->O            1   0.254   0.000  tx_rstpot (tx_rstpot)
     FD:D                      0.074          tx
    ----------------------------------------
    Total                      4.005ns (1.910ns logic, 2.095ns route)
                                       (47.7% logic, 52.3% route)

=========================================================================
Timing constraint: Default OFFSET OUT AFTER for Clock 'clk_s'
  Total number of paths / destination ports: 2 / 2
-------------------------------------------------------------------------
Offset:              4.202ns (Levels of Logic = 1)
  Source:            busy (FF)
  Destination:       busy (PAD)
  Source Clock:      clk_s rising

  Data Path: busy to busy
                                Gate     Net
    Cell:in->out      fanout   Delay   Delay  Logical Name (Net Name)
    ----------------------------------------  ------------
     FD:C->Q               3   0.525   0.765  busy (busy_OBUF)
     OBUF:I->O                 2.912          busy_OBUF (busy)
    ----------------------------------------
    Total                      4.202ns (3.437ns logic, 0.765ns route)
                                       (81.8% logic, 18.2% route)

=========================================================================

Cross Clock Domains Report:
--------------------------

Clock to Setup on destination clock clk_s
---------------+---------+---------+---------+---------+
               | Src:Rise| Src:Fall| Src:Rise| Src:Fall|
Source Clock   |Dest:Rise|Dest:Rise|Dest:Fall|Dest:Fall|
---------------+---------+---------+---------+---------+
clk_s          |    3.267|         |         |         |
---------------+---------+---------+---------+---------+

=========================================================================


Total REAL time to Xst completion: 5.00 secs
Total CPU time to Xst completion: 4.24 secs
 
--> 


Total memory usage is 386300 kilobytes

Number of errors   :    0 (   0 filtered)
Number of warnings :    1 (   0 filtered)
Number of infos    :    0 (   0 filtered)

